<?xml version="1.0" encoding="UTF-8"?>
<testsuite xmlns:xsi="http://www.w3.org/2001/XMLSchema-instance" xsi:noNamespaceSchemaLocation="https://maven.apache.org/surefire/maven-surefire-plugin/xsd/surefire-test-report-3.0.xsd" version="3.0" name="registrar_entidades_y_pokemon.PokemonTest" time="0.087" tests="8" errors="0" skipped="0" failures="0">
  <properties>
    <property name="java.specification.version" value="23"/>
    <property name="sun.cpu.isalist" value="amd64"/>
    <property name="sun.jnu.encoding" value="Cp1252"/>
    <property name="java.class.path" value="C:\Users\Kevin\Desktop\Aprendizaje\Workspace\FINAL_ENTORNOS_COMPARTIDO\metrica_proyecto\target\test-classes;C:\Users\Kevin\Desktop\Aprendizaje\Workspace\FINAL_ENTORNOS_COMPARTIDO\metrica_proyecto\target\classes;C:\Users\Kevin\.m2\repository\junit\junit\3.8.1\junit-3.8.1.jar;C:\Users\Kevin\.m2\repository\org\junit\jupiter\junit-jupiter\5.13.0-RC1\junit-jupiter-5.13.0-RC1.jar;C:\Users\Kevin\.m2\repository\org\junit\jupiter\junit-jupiter-api\5.13.0-RC1\junit-jupiter-api-5.13.0-RC1.jar;C:\Users\Kevin\.m2\repository\org\opentest4j\opentest4j\1.3.0\opentest4j-1.3.0.jar;C:\Users\Kevin\.m2\repository\org\junit\platform\junit-platform-commons\1.13.0-RC1\junit-platform-commons-1.13.0-RC1.jar;C:\Users\Kevin\.m2\repository\org\apiguardian\apiguardian-api\1.1.2\apiguardian-api-1.1.2.jar;C:\Users\Kevin\.m2\repository\org\junit\jupiter\junit-jupiter-params\5.13.0-RC1\junit-jupiter-params-5.13.0-RC1.jar;C:\Users\Kevin\.m2\repository\org\junit\jupiter\junit-jupiter-engine\5.13.0-RC1\junit-jupiter-engine-5.13.0-RC1.jar;C:\Users\Kevin\.m2\repository\org\junit\platform\junit-platform-engine\1.13.0-RC1\junit-platform-engine-1.13.0-RC1.jar;"/>
    <property name="java.vm.vendor" value="Oracle Corporation"/>
    <property name="sun.arch.data.model" value="64"/>
    <property name="user.variant" value=""/>
    <property name="java.vendor.url" value="https://java.oracle.com/"/>
    <property name="user.timezone" value="Europe/Madrid"/>
    <property name="os.name" value="Windows 11"/>
    <property name="java.vm.specification.version" value="23"/>
    <property name="user.country" value="ES"/>
    <property name="sun.java.launcher" value="SUN_STANDARD"/>
    <property name="sun.boot.library.path" value="C:\Program Files\Java\jdk-23\bin"/>
    <property name="sun.java.command" value="C:\Users\Kevin\AppData\Local\Temp\surefire7063814467956497696\surefirebooter-20250520172253105_3.jar C:\Users\Kevin\AppData\Local\Temp\surefire7063814467956497696 2025-05-20T17-22-52_912-jvmRun1 surefire-20250520172253105_1tmp surefire_0-20250520172253105_2tmp"/>
    <property name="jdk.debug" value="release"/>
    <property name="test" value="registrar_entidades_y_pokemon.PokemonTest"/>
    <property name="surefire.test.class.path" value="C:\Users\Kevin\Desktop\Aprendizaje\Workspace\FINAL_ENTORNOS_COMPARTIDO\metrica_proyecto\target\test-classes;C:\Users\Kevin\Desktop\Aprendizaje\Workspace\FINAL_ENTORNOS_COMPARTIDO\metrica_proyecto\target\classes;C:\Users\Kevin\.m2\repository\junit\junit\3.8.1\junit-3.8.1.jar;C:\Users\Kevin\.m2\repository\org\junit\jupiter\junit-jupiter\5.13.0-RC1\junit-jupiter-5.13.0-RC1.jar;C:\Users\Kevin\.m2\repository\org\junit\jupiter\junit-jupiter-api\5.13.0-RC1\junit-jupiter-api-5.13.0-RC1.jar;C:\Users\Kevin\.m2\repository\org\opentest4j\opentest4j\1.3.0\opentest4j-1.3.0.jar;C:\Users\Kevin\.m2\repository\org\junit\platform\junit-platform-commons\1.13.0-RC1\junit-platform-commons-1.13.0-RC1.jar;C:\Users\Kevin\.m2\repository\org\apiguardian\apiguardian-api\1.1.2\apiguardian-api-1.1.2.jar;C:\Users\Kevin\.m2\repository\org\junit\jupiter\junit-jupiter-params\5.13.0-RC1\junit-jupiter-params-5.13.0-RC1.jar;C:\Users\Kevin\.m2\repository\org\junit\jupiter\junit-jupiter-engine\5.13.0-RC1\junit-jupiter-engine-5.13.0-RC1.jar;C:\Users\Kevin\.m2\repository\org\junit\platform\junit-platform-engine\1.13.0-RC1\junit-platform-engine-1.13.0-RC1.jar;"/>
    <property name="sun.cpu.endian" value="little"/>
    <property name="user.home" value="C:\Users\Kevin"/>
    <property name="user.language" value="es"/>
    <property name="java.specification.vendor" value="Oracle Corporation"/>
    <property name="java.version.date" value="2024-10-15"/>
    <property name="java.home" value="C:\Program Files\Java\jdk-23"/>
    <property name="file.separator" value="\"/>
    <property name="basedir" value="C:\Users\Kevin\Desktop\Aprendizaje\Workspace\FINAL_ENTORNOS_COMPARTIDO\metrica_proyecto"/>
    <property name="java.vm.compressedOopsMode" value="Zero based"/>
    <property name="line.separator" value="&#10;"/>
    <property name="java.vm.specification.vendor" value="Oracle Corporation"/>
    <property name="java.specification.name" value="Java Platform API Specification"/>
    <property name="surefire.real.class.path" value="C:\Users\Kevin\AppData\Local\Temp\surefire7063814467956497696\surefirebooter-20250520172253105_3.jar"/>
    <property name="user.script" value=""/>
    <property name="sun.management.compiler" value="HotSpot 64-Bit Tiered Compilers"/>
    <property name="java.runtime.version" value="23.0.1+11-39"/>
    <property name="user.name" value="Kevin"/>
    <property name="stdout.encoding" value="Cp1252"/>
    <property name="path.separator" value=";"/>
    <property name="os.version" value="10.0"/>
    <property name="java.runtime.name" value="Java(TM) SE Runtime Environment"/>
    <property name="file.encoding" value="UTF-8"/>
    <property name="java.vm.name" value="Java HotSpot(TM) 64-Bit Server VM"/>
    <property name="maven.ext.class.path" value="C:\Program Files\NetBeans-25\netbeans\java\maven-nblib\netbeans-eventspy.jar"/>
    <property name="localRepository" value="C:\Users\Kevin\.m2\repository"/>
    <property name="java.vendor.url.bug" value="https://bugreport.java.com/bugreport/"/>
    <property name="java.io.tmpdir" value="C:\Users\Kevin\AppData\Local\Temp\"/>
    <property name="java.version" value="23.0.1"/>
    <property name="user.dir" value="C:\Users\Kevin\Desktop\Aprendizaje\Workspace\FINAL_ENTORNOS_COMPARTIDO\metrica_proyecto"/>
    <property name="os.arch" value="amd64"/>
    <property name="java.vm.specification.name" value="Java Virtual Machine Specification"/>
    <property name="sun.os.patch.level" value=""/>
    <property name="native.encoding" value="Cp1252"/>
    <property name="java.library.path" value="C:\Program Files\Java\jdk-23\bin;C:\WINDOWS\Sun\Java\bin;C:\WINDOWS\system32;C:\WINDOWS;C:\app\Kevin\product\18.0.0\dbhomeXE\bin;C:\Program Files\Common Files\Oracle\Java\javapath;C:\Program Files (x86)\Common Files\Oracle\Java\java8path;C:\Program Files (x86)\Common Files\Oracle\Java\javapath;C:\Program Files\Eclipse Adoptium\jdk-21.0.4.7-hotspot\bin;C:\Program Files\Eclipse Adoptium\jdk-17.0.12.7-hotspot\bin;C:\WINDOWS\system32;C:\WINDOWS;C:\WINDOWS\System32\Wbem;C:\WINDOWS\System32\WindowsPowerShell\v1.0\;C:\WINDOWS\System32\OpenSSH\;C:\Program Files (x86)\NVIDIA Corporation\PhysX\Common;C:\Program Files\NVIDIA Corporation\NVIDIA NvDLISR;C:\ProgramData\chocolatey\bin;C:\Program Files\Git\cmd;C:\Program Files (x86)\Windows Kits\10\Windows Performance Toolkit\;C:\Program Files\dotnet\;C:\Program Files\Eclipse Adoptium\jdk-17.0.12.7-hotspot\\bin;C:\Program Files\apache-maven-3.8.8\bin;C:\Program Files\nodejs\;C:\Program Files\PowerShell\7\;C:\Program Files\AutoFirma\AutoFirma;C:\Users\Kevin\AppData\Local\Programs\Python\Python311\Scripts\;C:\Users\Kevin\AppData\Local\Programs\Python\Python311\;C:\Users\Kevin\AppData\Local\Microsoft\WindowsApps;;C:\Users\Kevin\AppData\Local\Programs\Microsoft VS Code\bin;C:\Users\Kevin\.dotnet\tools;C:\Program Files\JetBrains\PhpStorm 2024.2.4\bin;;C:\Users\Kevin\AppData\Roaming\npm;C:\Users\Kevin\.lmstudio\bin;."/>
    <property name="java.vm.info" value="mixed mode, sharing"/>
    <property name="stderr.encoding" value="Cp1252"/>
    <property name="java.vendor" value="Oracle Corporation"/>
    <property name="java.vm.version" value="23.0.1+11-39"/>
    <property name="sun.io.unicode.encoding" value="UnicodeLittle"/>
    <property name="java.class.version" value="67.0"/>
  </properties>
  <testcase name="testToStringConDosTipos" classname="registrar_entidades_y_pokemon.PokemonTest" time="0.032"/>
  <testcase name="testGetTipo1" classname="registrar_entidades_y_pokemon.PokemonTest" time="0.0"/>
  <testcase name="testGetNumeroPokedex" classname="registrar_entidades_y_pokemon.PokemonTest" time="0.006"/>
  <testcase name="testToStringTipo2Vacio" classname="registrar_entidades_y_pokemon.PokemonTest" time="0.002"/>
  <testcase name="testGetTipo2EsNull" classname="registrar_entidades_y_pokemon.PokemonTest" time="0.002"/>
  <testcase name="testToStringConUnTipo" classname="registrar_entidades_y_pokemon.PokemonTest" time="0.002"/>
  <testcase name="testSetNombre" classname="registrar_entidades_y_pokemon.PokemonTest" time="0.002"/>
  <testcase name="testGetNombre" classname="registrar_entidades_y_pokemon.PokemonTest" time="0.001"/>
</testsuite>